<?xml version="1.0" encoding="UTF-8"?>
<!-- Generated by org.testng.reporters.JUnitXMLReporter -->
<testsuite ignored="3" hostname="DESKTOP-HIVH3MV" failures="0" tests="6" name="Car loan" time="0.02" errors="0" timestamp="2023-07-28T12:41:41 EEST">
  <testcase classname="test.day3" name="MobileSignOutCarLoan" time="0.0"/>
  <testcase classname="test.day3" name="MobileSignOutCarLoan" time="0.0"/>
  <testcase classname="test.day3" name="MobileSignOutCarLoan" time="0.001"/>
  <testcase classname="test.day3" name="WebLoginCarLoan" time="0.0"/>
  <testcase classname="test.day3" name="MobileLoginCarLoan" time="0.003"/>
  <testcase classname="test.day3" name="APILoginCarLoan" time="0.001"/>
  <testcase classname="test.day3" name="MobileSignInCarLoan" time="0.0">
    <ignored/>
  </testcase> <!-- MobileSignInCarLoan -->
  <testcase classname="test.day3" name="ToBeExcluded2" time="0.0">
    <ignored/>
  </testcase> <!-- ToBeExcluded2 -->
  <testcase classname="test.day3" name="ToBeExcluded1" time="0.0">
    <ignored/>
  </testcase> <!-- ToBeExcluded1 -->
</testsuite> <!-- Car loan -->
