<?xml version="1.0" encoding="UTF-8"?>
<!-- Generated by org.testng.reporters.JUnitXMLReporter -->
<testsuite ignored="1" hostname="DESKTOP-HIVH3MV" failures="1" tests="5" name="Personal loan" time="0.041" errors="0" timestamp="2023-07-28T12:41:41 EEST">
  <testcase classname="test.day1" name="Demo" time="0.004"/>
  <testcase classname="test.day2" name="ploan" time="0.007">
    <failure type="java.lang.AssertionError" message="expected [true] but found [false]">
      <![CDATA[java.lang.AssertionError: expected [true] but found [false]
at test.day2.ploan(day2.java:13)
at java.base/java.util.ArrayList.forEach(ArrayList.java:1511)
... Removed 31 stack frames]]>
    </failure>
  </testcase> <!-- ploan -->
  <testcase classname="test.day4" name="APILoginHomeLoan" time="0.0"/>
  <testcase classname="test.day4" name="MobileLoginHomeLoan" time="0.0"/>
  <testcase classname="test.day4" name="WebLoginHomeLoan" time="0.0"/>
  <testcase classname="test.day1" name="SecondTest" time="0.0">
    <ignored/>
  </testcase> <!-- SecondTest -->
</testsuite> <!-- Personal loan -->
